# JRE version: OpenJDK Runtime Environment Temurin-17.0.7+7 (17.0.7+7) (build 17.0.7+7)
# Java VM: OpenJDK 64-Bit Server VM Temurin-17.0.7+7 (17.0.7+7, mixed mode, tiered, compressed oops, compressed class ptrs, parallel gc, windows-amd64)
GC Precious Log:
 CPUs: 8 total, 8 available
 Memory: 6082M
 Large Page Support: Disabled
 NUMA Support: Disabled
 Compressed Oops: Enabled (32-bit)
 Alignments: Space 512K, Generation 512K, Heap 2M
 Heap Min Capacity: 100M
 Heap Initial Capacity: 100M
 Heap Max Capacity: 1G
 Pre-touch: Disabled
 Parallel Workers: 8
Heap:
 PSYoungGen      total 9216K, used 3839K [0x00000000eab00000, 0x00000000eb680000, 0x0000000100000000)
  eden space 6144K, 57% used [0x00000000eab00000,0x00000000eae6fcf0,0x00000000eb100000)
  from space 3072K, 10% used [0x00000000eb380000,0x00000000eb3d0000,0x00000000eb680000)
  to   space 2560K, 0% used [0x00000000eb100000,0x00000000eb100000,0x00000000eb380000)
 ParOldGen       total 282624K, used 263427K [0x00000000c0000000, 0x00000000d1400000, 0x00000000eab00000)
  object space 282624K, 93% used [0x00000000c0000000,0x00000000d0140ea8,0x00000000d1400000)
 Metaspace       used 88352K, committed 89472K, reserved 1179648K
  class space    used 8709K, committed 9152K, reserved 1048576K
GC Heap History (20 events):
Event: 5535.379 GC heap before
{Heap before GC invocations=6472 (full 130):
 PSYoungGen      total 6144K, used 5664K [0x00000000eab00000, 0x00000000eb400000, 0x0000000100000000)
  eden space 3072K, 100% used [0x00000000eab00000,0x00000000eae00000,0x00000000eae00000)
  from space 3072K, 84% used [0x00000000eb100000,0x00000000eb388000,0x00000000eb400000)
  to   space 3072K, 0% used [0x00000000eae00000,0x00000000eae00000,0x00000000eb100000)
 ParOldGen       total 278016K, used 271821K [0x00000000c0000000, 0x00000000d0f80000, 0x00000000eab00000)
  object space 278016K, 97% used [0x00000000c0000000,0x00000000d0973788,0x00000000d0f80000)
 Metaspace       used 88349K, committed 89472K, reserved 1179648K
  class space    used 8709K, committed 9152K, reserved 1048576K
}
Event: 5535.386 GC heap after
{Heap after GC invocations=6472 (full 130):
 PSYoungGen      total 6144K, used 1440K [0x00000000eab00000, 0x00000000eb300000, 0x0000000100000000)
  eden space 3072K, 0% used [0x00000000eab00000,0x00000000eab00000,0x00000000eae00000)
  from space 3072K, 46% used [0x00000000eae00000,0x00000000eaf68000,0x00000000eb100000)
  to   space 2048K, 0% used [0x00000000eb100000,0x00000000eb100000,0x00000000eb300000)
 ParOldGen       total 278016K, used 274333K [0x00000000c0000000, 0x00000000d0f80000, 0x00000000eab00000)
  object space 278016K, 98% used [0x00000000c0000000,0x00000000d0be7788,0x00000000d0f80000)
 Metaspace       used 88349K, committed 89472K, reserved 1179648K
  class space    used 8709K, committed 9152K, reserved 1048576K
}
Event: 5535.396 GC heap before
{Heap before GC invocations=6473 (full 130):
 PSYoungGen      total 6144K, used 4512K [0x00000000eab00000, 0x00000000eb300000, 0x0000000100000000)
  eden space 3072K, 100% used [0x00000000eab00000,0x00000000eae00000,0x00000000eae00000)
  from space 3072K, 46% used [0x00000000eae00000,0x00000000eaf68000,0x00000000eb100000)
  to   space 2048K, 0% used [0x00000000eb100000,0x00000000eb100000,0x00000000eb300000)
 ParOldGen       total 278016K, used 274333K [0x00000000c0000000, 0x00000000d0f80000, 0x00000000eab00000)
  object space 278016K, 98% used [0x00000000c0000000,0x00000000d0be7788,0x00000000d0f80000)
 Metaspace       used 88349K, committed 89472K, reserved 1179648K
  class space    used 8709K, committed 9152K, reserved 1048576K
}
Event: 5535.400 GC heap after
{Heap after GC invocations=6473 (full 130):
 PSYoungGen      total 5120K, used 648K [0x00000000eab00000, 0x00000000eb200000, 0x0000000100000000)
  eden space 4096K, 0% used [0x00000000eab00000,0x00000000eab00000,0x00000000eaf00000)
  from space 1024K, 63% used [0x00000000eb100000,0x00000000eb1a21c0,0x00000000eb200000)
  to   space 1024K, 0% used [0x00000000eb000000,0x00000000eb000000,0x00000000eb100000)
 ParOldGen       total 278016K, used 275683K [0x00000000c0000000, 0x00000000d0f80000, 0x00000000eab00000)
  object space 278016K, 99% used [0x00000000c0000000,0x00000000d0d38c08,0x00000000d0f80000)
 Metaspace       used 88349K, committed 89472K, reserved 1179648K
  class space    used 8709K, committed 9152K, reserved 1048576K
}
Event: 5535.417 GC heap before
{Heap before GC invocations=6474 (full 130):
 PSYoungGen      total 5120K, used 4744K [0x00000000eab00000, 0x00000000eb200000, 0x0000000100000000)
  eden space 4096K, 100% used [0x00000000eab00000,0x00000000eaf00000,0x00000000eaf00000)
  from space 1024K, 63% used [0x00000000eb100000,0x00000000eb1a21c0,0x00000000eb200000)
  to   space 1024K, 0% used [0x00000000eb000000,0x00000000eb000000,0x00000000eb100000)
 ParOldGen       total 278016K, used 275683K [0x00000000c0000000, 0x00000000d0f80000, 0x00000000eab00000)
  object space 278016K, 99% used [0x00000000c0000000,0x00000000d0d38c08,0x00000000d0f80000)
 Metaspace       used 88349K, committed 89472K, reserved 1179648K
  class space    used 8709K, committed 9152K, reserved 1048576K
}
Event: 5535.420 GC heap after
{Heap after GC invocations=6474 (full 130):
 PSYoungGen      total 6144K, used 1000K [0x00000000eab00000, 0x00000000eb700000, 0x0000000100000000)
  eden space 5120K, 0% used [0x00000000eab00000,0x00000000eab00000,0x00000000eb000000)
  from space 1024K, 97% used [0x00000000eb000000,0x00000000eb0fa180,0x00000000eb100000)
  to   space 3584K, 0% used [0x00000000eb380000,0x00000000eb380000,0x00000000eb700000)
 ParOldGen       total 278016K, used 277448K [0x00000000c0000000, 0x00000000d0f80000, 0x00000000eab00000)
  object space 278016K, 99% used [0x00000000c0000000,0x00000000d0ef2098,0x00000000d0f80000)
 Metaspace       used 88349K, committed 89472K, reserved 1179648K
  class space    used 8709K, committed 9152K, reserved 1048576K
}
Event: 5535.420 GC heap before
{Heap before GC invocations=6475 (full 131):
 PSYoungGen      total 6144K, used 1000K [0x00000000eab00000, 0x00000000eb700000, 0x0000000100000000)
  eden space 5120K, 0% used [0x00000000eab00000,0x00000000eab00000,0x00000000eb000000)
  from space 1024K, 97% used [0x00000000eb000000,0x00000000eb0fa180,0x00000000eb100000)
  to   space 3584K, 0% used [0x00000000eb380000,0x00000000eb380000,0x00000000eb700000)
 ParOldGen       total 278016K, used 277448K [0x00000000c0000000, 0x00000000d0f80000, 0x00000000eab00000)
  object space 278016K, 99% used [0x00000000c0000000,0x00000000d0ef2098,0x00000000d0f80000)
 Metaspace       used 88349K, committed 89472K, reserved 1179648K
  class space    used 8709K, committed 9152K, reserved 1048576K
}
Event: 5535.640 GC heap after
{Heap after GC invocations=6475 (full 131):
 PSYoungGen      total 8704K, used 0K [0x00000000eab00000, 0x00000000eb700000, 0x0000000100000000)
  eden space 5120K, 0% used [0x00000000eab00000,0x00000000eab00000,0x00000000eb000000)
  from space 3584K, 0% used [0x00000000eb380000,0x00000000eb380000,0x00000000eb700000)
  to   space 1024K, 0% used [0x00000000eb000000,0x00000000eb000000,0x00000000eb100000)
 ParOldGen       total 282624K, used 250226K [0x00000000c0000000, 0x00000000d1400000, 0x00000000eab00000)
  object space 282624K, 88% used [0x00000000c0000000,0x00000000cf45c898,0x00000000d1400000)
 Metaspace       used 88349K, committed 89472K, reserved 1179648K
  class space    used 8709K, committed 9152K, reserved 1048576K
}
Event: 5535.659 GC heap before
{Heap before GC invocations=6476 (full 131):
 PSYoungGen      total 8704K, used 5120K [0x00000000eab00000, 0x00000000eb700000, 0x0000000100000000)
  eden space 5120K, 100% used [0x00000000eab00000,0x00000000eb000000,0x00000000eb000000)
  from space 3584K, 0% used [0x00000000eb380000,0x00000000eb380000,0x00000000eb700000)
  to   space 1024K, 0% used [0x00000000eb000000,0x00000000eb000000,0x00000000eb100000)
 ParOldGen       total 282624K, used 250226K [0x00000000c0000000, 0x00000000d1400000, 0x00000000eab00000)
  object space 282624K, 88% used [0x00000000c0000000,0x00000000cf45c898,0x00000000d1400000)
 Metaspace       used 88349K, committed 89472K, reserved 1179648K
  class space    used 8709K, committed 9152K, reserved 1048576K
}
Event: 5535.663 GC heap after
{Heap after GC invocations=6476 (full 131):
 PSYoungGen      total 6144K, used 1022K [0x00000000eab00000, 0x00000000eb700000, 0x0000000100000000)
  eden space 5120K, 0% used [0x00000000eab00000,0x00000000eab00000,0x00000000eb000000)
  from space 1024K, 99% used [0x00000000eb000000,0x00000000eb0ffb60,0x00000000eb100000)
  to   space 3584K, 0% used [0x00000000eb380000,0x00000000eb380000,0x00000000eb700000)
 ParOldGen       total 282624K, used 254186K [0x00000000c0000000, 0x00000000d1400000, 0x00000000eab00000)
  object space 282624K, 89% used [0x00000000c0000000,0x00000000cf83a898,0x00000000d1400000)
 Metaspace       used 88349K, committed 89472K, reserved 1179648K
  class space    used 8709K, committed 9152K, reserved 1048576K
}
Event: 5535.687 GC heap before
{Heap before GC invocations=6477 (full 131):
 PSYoungGen      total 6144K, used 6142K [0x00000000eab00000, 0x00000000eb700000, 0x0000000100000000)
  eden space 5120K, 100% used [0x00000000eab00000,0x00000000eb000000,0x00000000eb000000)
  from space 1024K, 99% used [0x00000000eb000000,0x00000000eb0ffb60,0x00000000eb100000)
  to   space 3584K, 0% used [0x00000000eb380000,0x00000000eb380000,0x00000000eb700000)
 ParOldGen       total 282624K, used 254186K [0x00000000c0000000, 0x00000000d1400000, 0x00000000eab00000)
  object space 282624K, 89% used [0x00000000c0000000,0x00000000cf83a898,0x00000000d1400000)
 Metaspace       used 88349K, committed 89472K, reserved 1179648K
  class space    used 8709K, committed 9152K, reserved 1048576K
}
Event: 5535.689 GC heap after
{Heap after GC invocations=6477 (full 131):
 PSYoungGen      total 9216K, used 1192K [0x00000000eab00000, 0x00000000eb700000, 0x0000000100000000)
  eden space 5632K, 0% used [0x00000000eab00000,0x00000000eab00000,0x00000000eb080000)
  from space 3584K, 33% used [0x00000000eb380000,0x00000000eb4aa180,0x00000000eb700000)
  to   space 3072K, 0% used [0x00000000eb080000,0x00000000eb080000,0x00000000eb380000)
 ParOldGen       total 282624K, used 254635K [0x00000000c0000000, 0x00000000d1400000, 0x00000000eab00000)
  object space 282624K, 90% used [0x00000000c0000000,0x00000000cf8aae08,0x00000000d1400000)
 Metaspace       used 88349K, committed 89472K, reserved 1179648K
  class space    used 8709K, committed 9152K, reserved 1048576K
}
Event: 5535.714 GC heap before
{Heap before GC invocations=6478 (full 131):
 PSYoungGen      total 9216K, used 6824K [0x00000000eab00000, 0x00000000eb700000, 0x0000000100000000)
  eden space 5632K, 100% used [0x00000000eab00000,0x00000000eb080000,0x00000000eb080000)
  from space 3584K, 33% used [0x00000000eb380000,0x00000000eb4aa180,0x00000000eb700000)
  to   space 3072K, 0% used [0x00000000eb080000,0x00000000eb080000,0x00000000eb380000)
 ParOldGen       total 282624K, used 254635K [0x00000000c0000000, 0x00000000d1400000, 0x00000000eab00000)
  object space 282624K, 90% used [0x00000000c0000000,0x00000000cf8aae08,0x00000000d1400000)
 Metaspace       used 88349K, committed 89472K, reserved 1179648K
  class space    used 8709K, committed 9152K, reserved 1048576K
}
Event: 5535.721 GC heap after
{Heap after GC invocations=6478 (full 131):
 PSYoungGen      total 8704K, used 3070K [0x00000000eab00000, 0x00000000eb700000, 0x0000000100000000)
  eden space 5632K, 0% used [0x00000000eab00000,0x00000000eab00000,0x00000000eb080000)
  from space 3072K, 99% used [0x00000000eb080000,0x00000000eb37fb60,0x00000000eb380000)
  to   space 3584K, 0% used [0x00000000eb380000,0x00000000eb380000,0x00000000eb700000)
 ParOldGen       total 282624K, used 258054K [0x00000000c0000000, 0x00000000d1400000, 0x00000000eab00000)
  object space 282624K, 91% used [0x00000000c0000000,0x00000000cfc01888,0x00000000d1400000)
 Metaspace       used 88349K, committed 89472K, reserved 1179648K
  class space    used 8709K, committed 9152K, reserved 1048576K
}
Event: 5535.745 GC heap before
{Heap before GC invocations=6479 (full 131):
 PSYoungGen      total 8704K, used 8702K [0x00000000eab00000, 0x00000000eb700000, 0x0000000100000000)
  eden space 5632K, 100% used [0x00000000eab00000,0x00000000eb080000,0x00000000eb080000)
  from space 3072K, 99% used [0x00000000eb080000,0x00000000eb37fb60,0x00000000eb380000)
  to   space 3584K, 0% used [0x00000000eb380000,0x00000000eb380000,0x00000000eb700000)
 ParOldGen       total 282624K, used 258054K [0x00000000c0000000, 0x00000000d1400000, 0x00000000eab00000)
  object space 282624K, 91% used [0x00000000c0000000,0x00000000cfc01888,0x00000000d1400000)
 Metaspace       used 88349K, committed 89472K, reserved 1179648K
  class space    used 8709K, committed 9152K, reserved 1048576K
}
Event: 5535.748 GC heap after
{Heap after GC invocations=6479 (full 131):
 PSYoungGen      total 9216K, used 576K [0x00000000eab00000, 0x00000000eb780000, 0x0000000100000000)
  eden space 5632K, 0% used [0x00000000eab00000,0x00000000eab00000,0x00000000eb080000)
  from space 3584K, 16% used [0x00000000eb380000,0x00000000eb410000,0x00000000eb700000)
  to   space 3072K, 0% used [0x00000000eb080000,0x00000000eb080000,0x00000000eb380000)
 ParOldGen       total 282624K, used 259590K [0x00000000c0000000, 0x00000000d1400000, 0x00000000eab00000)
  object space 282624K, 91% used [0x00000000c0000000,0x00000000cfd81888,0x00000000d1400000)
 Metaspace       used 88349K, committed 89472K, reserved 1179648K
  class space    used 8709K, committed 9152K, reserved 1048576K
}
Event: 5535.774 GC heap before
{Heap before GC invocations=6480 (full 131):
 PSYoungGen      total 9216K, used 6208K [0x00000000eab00000, 0x00000000eb780000, 0x0000000100000000)
  eden space 5632K, 100% used [0x00000000eab00000,0x00000000eb080000,0x00000000eb080000)
  from space 3584K, 16% used [0x00000000eb380000,0x00000000eb410000,0x00000000eb700000)
  to   space 3072K, 0% used [0x00000000eb080000,0x00000000eb080000,0x00000000eb380000)
 ParOldGen       total 282624K, used 259590K [0x00000000c0000000, 0x00000000d1400000, 0x00000000eab00000)
  object space 282624K, 91% used [0x00000000c0000000,0x00000000cfd81888,0x00000000d1400000)
 Metaspace       used 88350K, committed 89472K, reserved 1179648K
  class space    used 8709K, committed 9152K, reserved 1048576K
}
Event: 5535.780 GC heap after
{Heap after GC invocations=6480 (full 131):
 PSYoungGen      total 8704K, used 3063K [0x00000000eab00000, 0x00000000eb780000, 0x0000000100000000)
  eden space 5632K, 0% used [0x00000000eab00000,0x00000000eab00000,0x00000000eb080000)
  from space 3072K, 99% used [0x00000000eb080000,0x00000000eb37dcf0,0x00000000eb380000)
  to   space 3584K, 0% used [0x00000000eb380000,0x00000000eb380000,0x00000000eb700000)
 ParOldGen       total 282624K, used 261723K [0x00000000c0000000, 0x00000000d1400000, 0x00000000eab00000)
  object space 282624K, 92% used [0x00000000c0000000,0x00000000cff96d08,0x00000000d1400000)
 Metaspace       used 88350K, committed 89472K, reserved 1179648K
  class space    used 8709K, committed 9152K, reserved 1048576K
}
Event: 5535.800 GC heap before
{Heap before GC invocations=6481 (full 131):
 PSYoungGen      total 8704K, used 8695K [0x00000000eab00000, 0x00000000eb780000, 0x0000000100000000)
  eden space 5632K, 100% used [0x00000000eab00000,0x00000000eb080000,0x00000000eb080000)
  from space 3072K, 99% used [0x00000000eb080000,0x00000000eb37dcf0,0x00000000eb380000)
  to   space 3584K, 0% used [0x00000000eb380000,0x00000000eb380000,0x00000000eb700000)
 ParOldGen       total 282624K, used 261723K [0x00000000c0000000, 0x00000000d1400000, 0x00000000eab00000)
  object space 282624K, 92% used [0x00000000c0000000,0x00000000cff96d08,0x00000000d1400000)
 Metaspace       used 88350K, committed 89472K, reserved 1179648K
  class space    used 8709K, committed 9152K, reserved 1048576K
}
Event: 5535.803 GC heap after
{Heap after GC invocations=6481 (full 131):
 PSYoungGen      total 9216K, used 320K [0x00000000eab00000, 0x00000000eb680000, 0x0000000100000000)
  eden space 6144K, 0% used [0x00000000eab00000,0x00000000eab00000,0x00000000eb100000)
  from space 3072K, 10% used [0x00000000eb380000,0x00000000eb3d0000,0x00000000eb680000)
  to   space 2560K, 0% used [0x00000000eb100000,0x00000000eb100000,0x00000000eb380000)
 ParOldGen       total 282624K, used 263427K [0x00000000c0000000, 0x00000000d1400000, 0x00000000eab00000)
  object space 282624K, 93% used [0x00000000c0000000,0x00000000d0140ea8,0x00000000d1400000)
 Metaspace       used 88350K, committed 89472K, reserved 1179648K
  class space    used 8709K, committed 9152K, reserved 1048576K
}

